<?xml version="1.0" encoding="UTF-8"?>
<!-- Generated by org.testng.reporters.JUnitReportReporter -->
<testsuite hostname="administrator-Latitude-E5570" name="TestNG.Tutorial1.day3" tests="14" failures="0" timestamp="29 Jun 2019 17:43:23 GMT" time="0.012" errors="0">
  <testcase name="apiLogin6" time="0.000" classname="TestNG.Tutorial1.day3"/>
  <testcase name="mobileLogin5" time="0.001" classname="TestNG.Tutorial1.day3"/>
  <testcase name="mobileLogin1" time="0.000" classname="TestNG.Tutorial1.day3"/>
  <testcase name="mobileLogin2" time="0.001" classname="TestNG.Tutorial1.day3"/>
  <testcase name="apiLogin3" time="0.000" classname="TestNG.Tutorial1.day3"/>
  <testcase name="apiLogin2" time="0.003" classname="TestNG.Tutorial1.day3"/>
  <testcase name="apiLogin4" time="0.000" classname="TestNG.Tutorial1.day3"/>
  <testcase name="mobileLogin4" time="0.000" classname="TestNG.Tutorial1.day3"/>
  <testcase name="apiLogin" time="0.003" classname="TestNG.Tutorial1.day3"/>
  <testcase name="mobileLogin" time="0.001" classname="TestNG.Tutorial1.day3"/>
  <testcase name="apiLogin5" time="0.000" classname="TestNG.Tutorial1.day3"/>
  <testcase name="mobileLogin3" time="0.001" classname="TestNG.Tutorial1.day3"/>
  <testcase name="webLogin" time="0.001" classname="TestNG.Tutorial1.day3"/>
  <testcase name="apiLogin1" time="0.001" classname="TestNG.Tutorial1.day3"/>
</testsuite> <!-- TestNG.Tutorial1.day3 -->
