<?xml version="1.0" encoding="UTF-8"?>
<!-- Generated by org.testng.reporters.JUnitReportReporter -->
<testsuite hostname="administrator-Latitude-E5570" name="TestNG.Tutorial1.day2" tests="3" failures="0" timestamp="29 Jun 2019 17:43:23 GMT" time="0.001" errors="0">
  <testcase name="testCase5" time="0.000" classname="TestNG.Tutorial1.day2"/>
  <testcase name="testCase3" time="0.001" classname="TestNG.Tutorial1.day2"/>
  <testcase name="testCase4" time="0.000" classname="TestNG.Tutorial1.day2"/>
</testsuite> <!-- TestNG.Tutorial1.day2 -->
