<?xml version="1.0" encoding="UTF-8"?>
<!-- Generated by org.testng.reporters.JUnitReportReporter -->
<testsuite hostname="administrator-Latitude-E5570" name="RESTAPI.ExcelDriven.staticJson" tests="1" failures="0" timestamp="12 Aug 2019 17:03:38 GMT" time="2.225" errors="0">
  <testcase name="addBook" time="2.225" classname="RESTAPI.ExcelDriven.staticJson"/>
</testsuite> <!-- RESTAPI.ExcelDriven.staticJson -->
