<?xml version="1.0" encoding="UTF-8"?>
<!-- Generated by org.testng.reporters.JUnitReportReporter -->
<testsuite hostname="administrator-Latitude-E5570" name="RESTAPI.ExcelDriven.ExcelDriven" tests="1" failures="0" timestamp="11 Aug 2019 17:17:45 GMT" time="1.690" errors="0">
  <testcase name="addBook" time="1.690" classname="RESTAPI.ExcelDriven.ExcelDriven"/>
</testsuite> <!-- RESTAPI.ExcelDriven.ExcelDriven -->
