<?xml version="1.0" encoding="UTF-8"?>
<!-- Generated by org.testng.reporters.JUnitReportReporter -->
<testsuite hostname="administrator-Latitude-E5570" name="RESTAPI.ExcelDriven.ExcelDriven1" tests="3" failures="0" timestamp="12 Aug 2019 17:02:14 GMT" time="2.719" errors="0">
  <testcase name="addBook" time="0.172" classname="RESTAPI.ExcelDriven.ExcelDriven1"/>
  <testcase name="addBook" time="2.355" classname="RESTAPI.ExcelDriven.ExcelDriven1"/>
  <testcase name="addBook" time="0.192" classname="RESTAPI.ExcelDriven.ExcelDriven1"/>
</testsuite> <!-- RESTAPI.ExcelDriven.ExcelDriven1 -->
