<?xml version="1.0" encoding="UTF-8"?>
<!-- Generated by org.testng.reporters.JUnitReportReporter -->
<testsuite hostname="administrator-Latitude-E5570" name="RestAPI.localServer.testProject" tests="2" failures="0" timestamp="29 Jun 2019 07:00:13 GMT" time="0.014" errors="0">
  <testcase name="testCase2" time="0.001" classname="RestAPI.localServer.testProject"/>
  <testcase name="testCase1" time="0.013" classname="RestAPI.localServer.testProject"/>
</testsuite> <!-- RestAPI.localServer.testProject -->
