<?xml version="1.0" encoding="UTF-8"?>
<!-- Generated by org.testng.reporters.JUnitReportReporter -->
<testsuite hostname="administrator-Latitude-E5570" name="RestAPI.localServer.test1" tests="1" failures="0" timestamp="29 Jun 2019 06:04:20 GMT" time="1.540" errors="0">
  <testcase name="test" time="1.540" classname="RestAPI.localServer.test1"/>
</testsuite> <!-- RestAPI.localServer.test1 -->
