<?xml version="1.0" encoding="UTF-8"?>
<!-- Generated by org.testng.reporters.JUnitReportReporter -->
<testsuite hostname="administrator-Latitude-E5570" name="TestNG.Tutorial1.day1" tests="2" failures="0" timestamp="3 Jul 2019 16:57:00 GMT" time="0.005" errors="0">
  <testcase name="testCase1" time="0.004" classname="TestNG.Tutorial1.day1"/>
  <testcase name="testCase2" time="0.001" classname="TestNG.Tutorial1.day1"/>
</testsuite> <!-- TestNG.Tutorial1.day1 -->
